  hamming.cpp
F:\School - Uni\Year 3\Hamming\Hamming\Hamming\hamming.cpp(5,20): warning C4018: '<': signed/unsigned mismatch
F:\School - Uni\Year 3\Hamming\Hamming\Hamming\hamming.cpp(18,21): warning C4018: '<': signed/unsigned mismatch
F:\School - Uni\Year 3\Hamming\Hamming\Hamming\hamming.cpp(54,26): warning C4018: '<=': signed/unsigned mismatch
F:\School - Uni\Year 3\Hamming\Hamming\Hamming\hamming.cpp(56,14): warning C4244: '=': conversion from 'double' to 'int', possible loss of data
F:\School - Uni\Year 3\Hamming\Hamming\Hamming\hamming.cpp(58,11): warning C4018: '<=': signed/unsigned mismatch
F:\School - Uni\Year 3\Hamming\Hamming\Hamming\hamming.cpp(106,40): warning C4805: '==': unsafe mix of type '_Ty' and type 'bool' in operation
          with
          [
              _Ty=int
          ]
F:\School - Uni\Year 3\Hamming\Hamming\Hamming\hamming.cpp(128,32): warning C4018: '<=': signed/unsigned mismatch
F:\School - Uni\Year 3\Hamming\Hamming\Hamming\hamming.cpp(157,32): warning C4018: '<': signed/unsigned mismatch
F:\School - Uni\Year 3\Hamming\Hamming\Hamming\hamming.cpp(162,29): warning C4018: '<=': signed/unsigned mismatch
F:\School - Uni\Year 3\Hamming\Hamming\Hamming\hamming.cpp(220,31): warning C4554: '&': check operator precedence for possible error; use parentheses to clarify precedence
F:\School - Uni\Year 3\Hamming\Hamming\Hamming\hamming.cpp(260,36): warning C4554: '&': check operator precedence for possible error; use parentheses to clarify precedence
F:\School - Uni\Year 3\Hamming\Hamming\Hamming\hamming.cpp(266,37): warning C4554: '&': check operator precedence for possible error; use parentheses to clarify precedence
  Generating code
  1 of 210 functions ( 0.5%) were compiled, the rest were copied from previous compilation.
    0 functions were new in current compilation
    1 functions had inline decision re-evaluated but remain unchanged
  Finished generating code
  Hamming.vcxproj -> F:\School - Uni\Year 3\Hamming\Hamming\Release\Hamming.exe
